2023-05-06T02:26:32+00:00 CRITICAL Uncaught Error: Call to undefined function wp_get_attachement_image_src() in C:\xampp\htdocs\hothanhtai_wp\wp-content\themes\web-clone\header.php:196
Stack trace:
#0 C:\xampp\htdocs\hothanhtai_wp\wp-includes\template.php(783): require_once()
#1 C:\xampp\htdocs\hothanhtai_wp\wp-includes\template.php(718): load_template('C:\\xampp\\htdocs...', true, Array)
#2 C:\xampp\htdocs\hothanhtai_wp\wp-includes\general-template.php(48): locate_template(Array, true, true, Array)
#3 C:\xampp\htdocs\hothanhtai_wp\wp-content\themes\web-clone\front-page.php(1): get_header()
#4 C:\xampp\htdocs\hothanhtai_wp\wp-includes\template-loader.php(106): include('C:\\xampp\\htdocs...')
#5 C:\xampp\htdocs\hothanhtai_wp\wp-blog-header.php(19): require_once('C:\\xampp\\htdocs...')
#6 C:\xampp\htdocs\hothanhtai_wp\index.php(17): require('C:\\xampp\\htdocs...')
#7 {main}
  thrown in C:\xampp\htdocs\hothanhtai_wp\wp-content\themes\web-clone\header.php on line 196

2023-05-06T06:56:54+00:00 CRITICAL Uncaught Error: Undefined constant "have_posts" in C:\xampp\htdocs\hothanhtai_wp\wp-content\themes\web-clone\single.php:7
Stack trace:
#0 C:\xampp\htdocs\hothanhtai_wp\wp-includes\template-loader.php(106): include()
#1 C:\xampp\htdocs\hothanhtai_wp\wp-blog-header.php(19): require_once('C:\\xampp\\htdocs...')
#2 C:\xampp\htdocs\hothanhtai_wp\index.php(17): require('C:\\xampp\\htdocs...')
#3 {main}
  thrown in C:\xampp\htdocs\hothanhtai_wp\wp-content\themes\web-clone\single.php on line 7

2023-05-06T07:20:50+00:00 CRITICAL syntax error, unexpected token ",", expecting ")" in C:\xampp\htdocs\hothanhtai_wp\wp-content\themes\web-clone\functions.php on line 26

2023-05-06T10:03:47+00:00 CRITICAL syntax error, unexpected token "}" in C:\xampp\htdocs\hothanhtai_wp\wp-content\themes\web-clone\comments.php on line 1

2023-05-06T10:04:12+00:00 CRITICAL Uncaught Error: Call to undefined function have_commnets() in C:\xampp\htdocs\hothanhtai_wp\wp-content\themes\web-clone\comments.php:1
Stack trace:
#0 C:\xampp\htdocs\hothanhtai_wp\wp-includes\comment-template.php(1591): require()
#1 C:\xampp\htdocs\hothanhtai_wp\wp-content\themes\web-clone\template-parts\content-article.php(14): comments_template()
#2 C:\xampp\htdocs\hothanhtai_wp\wp-includes\template.php(785): require('C:\\xampp\\htdocs...')
#3 C:\xampp\htdocs\hothanhtai_wp\wp-includes\template.php(718): load_template('C:\\xampp\\htdocs...', false, Array)
#4 C:\xampp\htdocs\hothanhtai_wp\wp-includes\general-template.php(204): locate_template(Array, true, false, Array)
#5 C:\xampp\htdocs\hothanhtai_wp\wp-content\themes\web-clone\single.php(11): get_template_part('template-parts/...', 'article')
#6 C:\xampp\htdocs\hothanhtai_wp\wp-includes\template-loader.php(106): include('C:\\xampp\\htdocs...')
#7 C:\xampp\htdocs\hothanhtai_wp\wp-blog-header.php(19): require_once('C:\\xampp\\htdocs...')
#8 C:\xampp\htdocs\hothanhtai_wp\index.php(17): require('C:\\xampp\\htdocs...')
#9 {main}
  thrown in C:\xampp\htdocs\hothanhtai_wp\wp-content\themes\web-clone\comments.php on line 1

2023-05-06T10:16:07+00:00 CRITICAL Uncaught Error: Call to undefined function get_comments_count() in C:\xampp\htdocs\hothanhtai_wp\wp-content\themes\web-clone\comments.php:1
Stack trace:
#0 C:\xampp\htdocs\hothanhtai_wp\wp-includes\comment-template.php(1591): require()
#1 C:\xampp\htdocs\hothanhtai_wp\wp-content\themes\web-clone\template-parts\content-article.php(15): comments_template()
#2 C:\xampp\htdocs\hothanhtai_wp\wp-includes\template.php(785): require('C:\\xampp\\htdocs...')
#3 C:\xampp\htdocs\hothanhtai_wp\wp-includes\template.php(718): load_template('C:\\xampp\\htdocs...', false, Array)
#4 C:\xampp\htdocs\hothanhtai_wp\wp-includes\general-template.php(204): locate_template(Array, true, false, Array)
#5 C:\xampp\htdocs\hothanhtai_wp\wp-content\themes\web-clone\single.php(11): get_template_part('template-parts/...', 'article')
#6 C:\xampp\htdocs\hothanhtai_wp\wp-includes\template-loader.php(106): include('C:\\xampp\\htdocs...')
#7 C:\xampp\htdocs\hothanhtai_wp\wp-blog-header.php(19): require_once('C:\\xampp\\htdocs...')
#8 C:\xampp\htdocs\hothanhtai_wp\index.php(17): require('C:\\xampp\\htdocs...')
#9 {main}
  thrown in C:\xampp\htdocs\hothanhtai_wp\wp-content\themes\web-clone\comments.php on line 1

2023-05-06T10:16:58+00:00 CRITICAL Uncaught Error: Call to undefined function get_comments_count() in C:\xampp\htdocs\hothanhtai_wp\wp-content\themes\web-clone\comments.php:1
Stack trace:
#0 C:\xampp\htdocs\hothanhtai_wp\wp-includes\comment-template.php(1591): require()
#1 C:\xampp\htdocs\hothanhtai_wp\wp-content\themes\web-clone\template-parts\content-article.php(15): comments_template()
#2 C:\xampp\htdocs\hothanhtai_wp\wp-includes\template.php(785): require('C:\\xampp\\htdocs...')
#3 C:\xampp\htdocs\hothanhtai_wp\wp-includes\template.php(718): load_template('C:\\xampp\\htdocs...', false, Array)
#4 C:\xampp\htdocs\hothanhtai_wp\wp-includes\general-template.php(204): locate_template(Array, true, false, Array)
#5 C:\xampp\htdocs\hothanhtai_wp\wp-content\themes\web-clone\single.php(11): get_template_part('template-parts/...', 'article')
#6 C:\xampp\htdocs\hothanhtai_wp\wp-includes\template-loader.php(106): include('C:\\xampp\\htdocs...')
#7 C:\xampp\htdocs\hothanhtai_wp\wp-blog-header.php(19): require_once('C:\\xampp\\htdocs...')
#8 C:\xampp\htdocs\hothanhtai_wp\index.php(17): require('C:\\xampp\\htdocs...')
#9 {main}
  thrown in C:\xampp\htdocs\hothanhtai_wp\wp-content\themes\web-clone\comments.php on line 1

2023-05-06T10:19:00+00:00 CRITICAL Uncaught Error: Call to undefined function get_comments_count() in C:\xampp\htdocs\hothanhtai_wp\wp-content\themes\web-clone\comments.php:7
Stack trace:
#0 C:\xampp\htdocs\hothanhtai_wp\wp-includes\comment-template.php(1591): require()
#1 C:\xampp\htdocs\hothanhtai_wp\wp-content\themes\web-clone\template-parts\content-article.php(15): comments_template()
#2 C:\xampp\htdocs\hothanhtai_wp\wp-includes\template.php(785): require('C:\\xampp\\htdocs...')
#3 C:\xampp\htdocs\hothanhtai_wp\wp-includes\template.php(718): load_template('C:\\xampp\\htdocs...', false, Array)
#4 C:\xampp\htdocs\hothanhtai_wp\wp-includes\general-template.php(204): locate_template(Array, true, false, Array)
#5 C:\xampp\htdocs\hothanhtai_wp\wp-content\themes\web-clone\single.php(11): get_template_part('template-parts/...', 'article')
#6 C:\xampp\htdocs\hothanhtai_wp\wp-includes\template-loader.php(106): include('C:\\xampp\\htdocs...')
#7 C:\xampp\htdocs\hothanhtai_wp\wp-blog-header.php(19): require_once('C:\\xampp\\htdocs...')
#8 C:\xampp\htdocs\hothanhtai_wp\index.php(17): require('C:\\xampp\\htdocs...')
#9 {main}
  thrown in C:\xampp\htdocs\hothanhtai_wp\wp-content\themes\web-clone\comments.php on line 7

2023-05-06T10:20:40+00:00 CRITICAL Uncaught Error: Call to undefined function get_comments_count() in C:\xampp\htdocs\hothanhtai_wp\wp-content\themes\web-clone\comments.php:7
Stack trace:
#0 C:\xampp\htdocs\hothanhtai_wp\wp-includes\comment-template.php(1591): require()
#1 C:\xampp\htdocs\hothanhtai_wp\wp-content\themes\web-clone\template-parts\content-article.php(15): comments_template()
#2 C:\xampp\htdocs\hothanhtai_wp\wp-includes\template.php(785): require('C:\\xampp\\htdocs...')
#3 C:\xampp\htdocs\hothanhtai_wp\wp-includes\template.php(718): load_template('C:\\xampp\\htdocs...', false, Array)
#4 C:\xampp\htdocs\hothanhtai_wp\wp-includes\general-template.php(204): locate_template(Array, true, false, Array)
#5 C:\xampp\htdocs\hothanhtai_wp\wp-content\themes\web-clone\single.php(11): get_template_part('template-parts/...', 'article')
#6 C:\xampp\htdocs\hothanhtai_wp\wp-includes\template-loader.php(106): include('C:\\xampp\\htdocs...')
#7 C:\xampp\htdocs\hothanhtai_wp\wp-blog-header.php(19): require_once('C:\\xampp\\htdocs...')
#8 C:\xampp\htdocs\hothanhtai_wp\index.php(17): require('C:\\xampp\\htdocs...')
#9 {main}
  thrown in C:\xampp\htdocs\hothanhtai_wp\wp-content\themes\web-clone\comments.php on line 7

