2023-05-07T07:31:28+00:00 CRITICAL Uncaught Error: Call to undefined function the_post_pagination() in C:\xampp\htdocs\hothanhtai_wp\wp-content\themes\web-clone\index.php:19
Stack trace:
#0 C:\xampp\htdocs\hothanhtai_wp\wp-includes\template-loader.php(106): include()
#1 C:\xampp\htdocs\hothanhtai_wp\wp-blog-header.php(19): require_once('C:\\xampp\\htdocs...')
#2 C:\xampp\htdocs\hothanhtai_wp\index.php(17): require('C:\\xampp\\htdocs...')
#3 {main}
  thrown in C:\xampp\htdocs\hothanhtai_wp\wp-content\themes\web-clone\index.php on line 19

2023-05-07T09:25:55+00:00 CRITICAL Uncaught Error: Call to undefined function dymamic_sidebar() in C:\xampp\htdocs\hothanhtai_wp\wp-content\themes\web-clone\header.php:228
Stack trace:
#0 C:\xampp\htdocs\hothanhtai_wp\wp-includes\template.php(783): require_once()
#1 C:\xampp\htdocs\hothanhtai_wp\wp-includes\template.php(718): load_template('C:\\xampp\\htdocs...', true, Array)
#2 C:\xampp\htdocs\hothanhtai_wp\wp-includes\general-template.php(48): locate_template(Array, true, true, Array)
#3 C:\xampp\htdocs\hothanhtai_wp\wp-content\themes\web-clone\single.php(1): get_header()
#4 C:\xampp\htdocs\hothanhtai_wp\wp-includes\template-loader.php(106): include('C:\\xampp\\htdocs...')
#5 C:\xampp\htdocs\hothanhtai_wp\wp-blog-header.php(19): require_once('C:\\xampp\\htdocs...')
#6 C:\xampp\htdocs\hothanhtai_wp\index.php(17): require('C:\\xampp\\htdocs...')
#7 {main}
  thrown in C:\xampp\htdocs\hothanhtai_wp\wp-content\themes\web-clone\header.php on line 228

2023-05-07T10:21:49+00:00 CRITICAL syntax error, unexpected single-quoted string "Tìm kiếm", expecting ":" in C:\xampp\htdocs\hothanhtai_wp\wp-content\themes\web-clone\404.php on line 13

2023-05-07T10:23:14+00:00 CRITICAL syntax error, unexpected token "echo" in C:\xampp\htdocs\hothanhtai_wp\wp-content\themes\web-clone\404.php on line 14

